Flow report for RISC-V
Tue May  9 13:16:57 2023
Quartus Prime Version 21.1.1 Build 850 06/23/2022 SJ Lite Edition


---------------------
; Table of Contents ;
---------------------
  1. Legal Notice
  2. Flow Summary
  3. Flow Settings
  4. Flow Non-Default Global Settings
  5. Flow Elapsed Time
  6. Flow OS Summary
  7. Flow Log
  8. Flow Messages
  9. Flow Suppressed Messages



----------------
; Legal Notice ;
----------------
Copyright (C) 2022  Intel Corporation. All rights reserved.
Your use of Intel Corporation's design tools, logic functions 
and other software and tools, and any partner logic 
functions, and any output files from any of the foregoing 
(including device programming or simulation files), and any 
associated documentation or information are expressly subject 
to the terms and conditions of the Intel Program License 
Subscription Agreement, the Intel Quartus Prime License Agreement,
the Intel FPGA IP License Agreement, or other applicable license
agreement, including, without limitation, that your use is for
the sole purpose of programming logic devices manufactured by
Intel and sold by Intel or its authorized distributors.  Please
refer to the applicable agreement for further details, at
https://fpgasoftware.intel.com/eula.



+-------------------------------------------------------------------------------+
; Flow Summary                                                                  ;
+---------------------------------+---------------------------------------------+
; Flow Status                     ; Successful - Tue May  9 13:16:57 2023       ;
; Quartus Prime Version           ; 21.1.1 Build 850 06/23/2022 SJ Lite Edition ;
; Revision Name                   ; RISC-V                                      ;
; Top-level Entity Name           ; RISC_V_Pipeline                             ;
; Family                          ; Cyclone V                                   ;
; Device                          ; 5CSXFC6D6F31C6                              ;
; Timing Models                   ; Final                                       ;
; Logic utilization (in ALMs)     ; 2,625 / 41,910 ( 6 % )                      ;
; Total registers                 ; 3691                                        ;
; Total pins                      ; 28 / 499 ( 6 % )                            ;
; Total virtual pins              ; 0                                           ;
; Total block memory bits         ; 0 / 5,662,720 ( 0 % )                       ;
; Total DSP Blocks                ; 2 / 112 ( 2 % )                             ;
; Total HSSI RX PCSs              ; 0 / 9 ( 0 % )                               ;
; Total HSSI PMA RX Deserializers ; 0 / 9 ( 0 % )                               ;
; Total HSSI TX PCSs              ; 0 / 9 ( 0 % )                               ;
; Total HSSI PMA TX Serializers   ; 0 / 9 ( 0 % )                               ;
; Total PLLs                      ; 0 / 15 ( 0 % )                              ;
; Total DLLs                      ; 0 / 4 ( 0 % )                               ;
+---------------------------------+---------------------------------------------+


+-----------------------------------------+
; Flow Settings                           ;
+-------------------+---------------------+
; Option            ; Setting             ;
+-------------------+---------------------+
; Start date & time ; 05/09/2023 13:14:10 ;
; Main task         ; Compilation         ;
; Revision Name     ; RISC-V              ;
+-------------------+---------------------+


+----------------------------------------------------------------------------------------------------------------------------------------------------+
; Flow Non-Default Global Settings                                                                                                                   ;
+-------------------------------------+----------------------------------------+---------------+-----------------+-----------------------------------+
; Assignment Name                     ; Value                                  ; Default Value ; Entity Name     ; Section Id                        ;
+-------------------------------------+----------------------------------------+---------------+-----------------+-----------------------------------+
; COMPILER_SIGNATURE_ID               ; 5416824349808.168365965023880          ; --            ; --              ; --                                ;
; EDA_GENERATE_FUNCTIONAL_NETLIST     ; Off                                    ; --            ; --              ; eda_board_design_timing           ;
; EDA_GENERATE_FUNCTIONAL_NETLIST     ; Off                                    ; --            ; --              ; eda_board_design_boundary_scan    ;
; EDA_GENERATE_FUNCTIONAL_NETLIST     ; Off                                    ; --            ; --              ; eda_board_design_signal_integrity ;
; EDA_GENERATE_FUNCTIONAL_NETLIST     ; Off                                    ; --            ; --              ; eda_board_design_symbol           ;
; EDA_OUTPUT_DATA_FORMAT              ; Systemverilog Hdl                      ; --            ; --              ; eda_simulation                    ;
; EDA_SIMULATION_TOOL                 ; Questa Intel FPGA (SystemVerilog)      ; <None>        ; --              ; --                                ;
; EDA_TIME_SCALE                      ; 1 ps                                   ; --            ; --              ; eda_simulation                    ;
; ENABLE_SIGNALTAP                    ; Off                                    ; --            ; --              ; --                                ;
; MAX_CORE_JUNCTION_TEMP              ; 85                                     ; --            ; --              ; --                                ;
; MIN_CORE_JUNCTION_TEMP              ; 0                                      ; --            ; --              ; --                                ;
; NUM_PARALLEL_PROCESSORS             ; 6                                      ; --            ; --              ; --                                ;
; PARTITION_COLOR                     ; -- (Not supported for targeted family) ; --            ; RISC_V_Pipeline ; Top                               ;
; PARTITION_FITTER_PRESERVATION_LEVEL ; -- (Not supported for targeted family) ; --            ; RISC_V_Pipeline ; Top                               ;
; PARTITION_NETLIST_TYPE              ; -- (Not supported for targeted family) ; --            ; RISC_V_Pipeline ; Top                               ;
; POWER_BOARD_THERMAL_MODEL           ; None (CONSERVATIVE)                    ; --            ; --              ; --                                ;
; POWER_PRESET_COOLING_SOLUTION       ; 23 MM HEAT SINK WITH 200 LFPM AIRFLOW  ; --            ; --              ; --                                ;
; PROJECT_OUTPUT_DIRECTORY            ; output_files                           ; --            ; --              ; --                                ;
; TOP_LEVEL_ENTITY                    ; RISC_V_Pipeline                        ; RISC-V        ; --              ; --                                ;
; USE_SIGNALTAP_FILE                  ; stp1.stp                               ; --            ; --              ; --                                ;
+-------------------------------------+----------------------------------------+---------------+-----------------+-----------------------------------+


+--------------------------------------------------------------------------------------------------------------------------+
; Flow Elapsed Time                                                                                                        ;
+----------------------+--------------+-------------------------+---------------------+------------------------------------+
; Module Name          ; Elapsed Time ; Average Processors Used ; Peak Virtual Memory ; Total CPU Time (on all processors) ;
+----------------------+--------------+-------------------------+---------------------+------------------------------------+
; Analysis & Synthesis ; 00:00:20     ; 1.0                     ; 4906 MB             ; 00:00:14                           ;
; Fitter               ; 00:01:56     ; 1.3                     ; 6727 MB             ; 00:05:18                           ;
; Assembler            ; 00:00:09     ; 1.0                     ; 4908 MB             ; 00:00:04                           ;
; Timing Analyzer      ; 00:00:12     ; 3.0                     ; 5262 MB             ; 00:00:19                           ;
; EDA Netlist Writer   ; 00:00:03     ; 1.0                     ; 4774 MB             ; 00:00:02                           ;
; Total                ; 00:02:40     ; --                      ; --                  ; 00:05:57                           ;
+----------------------+--------------+-------------------------+---------------------+------------------------------------+


+----------------------------------------------------------------------------------------+
; Flow OS Summary                                                                        ;
+----------------------+----------------------+------------+------------+----------------+
; Module Name          ; Machine Hostname     ; OS Name    ; OS Version ; Processor type ;
+----------------------+----------------------+------------+------------+----------------+
; Analysis & Synthesis ; LAPTOP-OMEN-BY-JORGE ; Windows 10 ; 10.0       ; x86_64         ;
; Fitter               ; LAPTOP-OMEN-BY-JORGE ; Windows 10 ; 10.0       ; x86_64         ;
; Assembler            ; LAPTOP-OMEN-BY-JORGE ; Windows 10 ; 10.0       ; x86_64         ;
; Timing Analyzer      ; LAPTOP-OMEN-BY-JORGE ; Windows 10 ; 10.0       ; x86_64         ;
; EDA Netlist Writer   ; LAPTOP-OMEN-BY-JORGE ; Windows 10 ; 10.0       ; x86_64         ;
+----------------------+----------------------+------------+------------+----------------+


------------
; Flow Log ;
------------
quartus_map --read_settings_files=on --write_settings_files=off RISC-V -c RISC-V
quartus_fit --read_settings_files=off --write_settings_files=off RISC-V -c RISC-V
quartus_asm --read_settings_files=off --write_settings_files=off RISC-V -c RISC-V
quartus_sta RISC-V -c RISC-V
quartus_eda --read_settings_files=off --write_settings_files=off RISC-V -c RISC-V



