Analysis & Synthesis report for RISC-V
Tue Feb 21 10:03:50 2023
Quartus Prime Version 21.1.1 Build 850 06/23/2022 SJ Lite Edition


---------------------
; Table of Contents ;
---------------------
  1. Legal Notice
  2. Analysis & Synthesis Summary
  3. Analysis & Synthesis Settings
  4. Parallel Compilation
  5. Analysis & Synthesis Source Files Read
  6. Analysis & Synthesis Resource Usage Summary
  7. Analysis & Synthesis Resource Utilization by Entity
  8. State Machine - |Control_Unit|State
  9. Registers Removed During Synthesis
 10. General Register Statistics
 11. Multiplexer Restructuring Statistics (Restructuring Performed)
 12. Parameter Settings for User Entity Instance: Counter_Param:uart_dummy_wait_counter
 13. Port Connectivity Checks: "Counter_Param:uart_dummy_wait_counter"
 14. Post-Synthesis Netlist Statistics for Top Partition
 15. Elapsed Time Per Partition
 16. Analysis & Synthesis Messages



----------------
; Legal Notice ;
----------------
Copyright (C) 2022  Intel Corporation. All rights reserved.
Your use of Intel Corporation's design tools, logic functions 
and other software and tools, and any partner logic 
functions, and any output files from any of the foregoing 
(including device programming or simulation files), and any 
associated documentation or information are expressly subject 
to the terms and conditions of the Intel Program License 
Subscription Agreement, the Intel Quartus Prime License Agreement,
the Intel FPGA IP License Agreement, or other applicable license
agreement, including, without limitation, that your use is for
the sole purpose of programming logic devices manufactured by
Intel and sold by Intel or its authorized distributors.  Please
refer to the applicable agreement for further details, at
https://fpgasoftware.intel.com/eula.



+-------------------------------------------------------------------------------+
; Analysis & Synthesis Summary                                                  ;
+---------------------------------+---------------------------------------------+
; Analysis & Synthesis Status     ; Successful - Tue Feb 21 10:03:50 2023       ;
; Quartus Prime Version           ; 21.1.1 Build 850 06/23/2022 SJ Lite Edition ;
; Revision Name                   ; RISC-V                                      ;
; Top-level Entity Name           ; Control_Unit                                ;
; Family                          ; Cyclone V                                   ;
; Logic utilization (in ALMs)     ; N/A                                         ;
; Total registers                 ; 30                                          ;
; Total pins                      ; 50                                          ;
; Total virtual pins              ; 0                                           ;
; Total block memory bits         ; 0                                           ;
; Total DSP Blocks                ; 0                                           ;
; Total HSSI RX PCSs              ; 0                                           ;
; Total HSSI PMA RX Deserializers ; 0                                           ;
; Total HSSI TX PCSs              ; 0                                           ;
; Total HSSI PMA TX Serializers   ; 0                                           ;
; Total PLLs                      ; 0                                           ;
; Total DLLs                      ; 0                                           ;
+---------------------------------+---------------------------------------------+


+---------------------------------------------------------------------------------------------------------------------------+
; Analysis & Synthesis Settings                                                                                             ;
+---------------------------------------------------------------------------------+--------------------+--------------------+
; Option                                                                          ; Setting            ; Default Value      ;
+---------------------------------------------------------------------------------+--------------------+--------------------+
; Device                                                                          ; 5CSXFC6D6F31C6     ;                    ;
; Top-level entity name                                                           ; Control_Unit       ; RISC-V             ;
; Family name                                                                     ; Cyclone V          ; Cyclone V          ;
; Use smart compilation                                                           ; Off                ; Off                ;
; Enable parallel Assembler and Timing Analyzer during compilation                ; On                 ; On                 ;
; Enable compact report table                                                     ; Off                ; Off                ;
; Restructure Multiplexers                                                        ; Auto               ; Auto               ;
; MLAB Add Timing Constraints For Mixed-Port Feed-Through Mode Setting Don't Care ; Off                ; Off                ;
; Create Debugging Nodes for IP Cores                                             ; Off                ; Off                ;
; Preserve fewer node names                                                       ; On                 ; On                 ;
; Intel FPGA IP Evaluation Mode                                                   ; Enable             ; Enable             ;
; Verilog Version                                                                 ; Verilog_2001       ; Verilog_2001       ;
; VHDL Version                                                                    ; VHDL_1993          ; VHDL_1993          ;
; State Machine Processing                                                        ; Auto               ; Auto               ;
; Safe State Machine                                                              ; Off                ; Off                ;
; Extract Verilog State Machines                                                  ; On                 ; On                 ;
; Extract VHDL State Machines                                                     ; On                 ; On                 ;
; Ignore Verilog initial constructs                                               ; Off                ; Off                ;
; Iteration limit for constant Verilog loops                                      ; 5000               ; 5000               ;
; Iteration limit for non-constant Verilog loops                                  ; 250                ; 250                ;
; Add Pass-Through Logic to Inferred RAMs                                         ; On                 ; On                 ;
; Infer RAMs from Raw Logic                                                       ; On                 ; On                 ;
; Parallel Synthesis                                                              ; On                 ; On                 ;
; DSP Block Balancing                                                             ; Auto               ; Auto               ;
; NOT Gate Push-Back                                                              ; On                 ; On                 ;
; Power-Up Don't Care                                                             ; On                 ; On                 ;
; Remove Redundant Logic Cells                                                    ; Off                ; Off                ;
; Remove Duplicate Registers                                                      ; On                 ; On                 ;
; Ignore CARRY Buffers                                                            ; Off                ; Off                ;
; Ignore CASCADE Buffers                                                          ; Off                ; Off                ;
; Ignore GLOBAL Buffers                                                           ; Off                ; Off                ;
; Ignore ROW GLOBAL Buffers                                                       ; Off                ; Off                ;
; Ignore LCELL Buffers                                                            ; Off                ; Off                ;
; Ignore SOFT Buffers                                                             ; On                 ; On                 ;
; Limit AHDL Integers to 32 Bits                                                  ; Off                ; Off                ;
; Optimization Technique                                                          ; Balanced           ; Balanced           ;
; Carry Chain Length                                                              ; 70                 ; 70                 ;
; Auto Carry Chains                                                               ; On                 ; On                 ;
; Auto Open-Drain Pins                                                            ; On                 ; On                 ;
; Perform WYSIWYG Primitive Resynthesis                                           ; Off                ; Off                ;
; Auto ROM Replacement                                                            ; On                 ; On                 ;
; Auto RAM Replacement                                                            ; On                 ; On                 ;
; Auto DSP Block Replacement                                                      ; On                 ; On                 ;
; Auto Shift Register Replacement                                                 ; Auto               ; Auto               ;
; Allow Shift Register Merging across Hierarchies                                 ; Auto               ; Auto               ;
; Auto Clock Enable Replacement                                                   ; On                 ; On                 ;
; Strict RAM Replacement                                                          ; Off                ; Off                ;
; Allow Synchronous Control Signals                                               ; On                 ; On                 ;
; Force Use of Synchronous Clear Signals                                          ; Off                ; Off                ;
; Auto Resource Sharing                                                           ; Off                ; Off                ;
; Allow Any RAM Size For Recognition                                              ; Off                ; Off                ;
; Allow Any ROM Size For Recognition                                              ; Off                ; Off                ;
; Allow Any Shift Register Size For Recognition                                   ; Off                ; Off                ;
; Use LogicLock Constraints during Resource Balancing                             ; On                 ; On                 ;
; Ignore translate_off and synthesis_off directives                               ; Off                ; Off                ;
; Timing-Driven Synthesis                                                         ; On                 ; On                 ;
; Report Parameter Settings                                                       ; On                 ; On                 ;
; Report Source Assignments                                                       ; On                 ; On                 ;
; Report Connectivity Checks                                                      ; On                 ; On                 ;
; Ignore Maximum Fan-Out Assignments                                              ; Off                ; Off                ;
; Synchronization Register Chain Length                                           ; 3                  ; 3                  ;
; Power Optimization During Synthesis                                             ; Normal compilation ; Normal compilation ;
; HDL message level                                                               ; Level2             ; Level2             ;
; Suppress Register Optimization Related Messages                                 ; Off                ; Off                ;
; Number of Removed Registers Reported in Synthesis Report                        ; 5000               ; 5000               ;
; Number of Swept Nodes Reported in Synthesis Report                              ; 5000               ; 5000               ;
; Number of Inverted Registers Reported in Synthesis Report                       ; 100                ; 100                ;
; Clock MUX Protection                                                            ; On                 ; On                 ;
; Auto Gated Clock Conversion                                                     ; Off                ; Off                ;
; Block Design Naming                                                             ; Auto               ; Auto               ;
; SDC constraint protection                                                       ; Off                ; Off                ;
; Synthesis Effort                                                                ; Auto               ; Auto               ;
; Shift Register Replacement - Allow Asynchronous Clear Signal                    ; On                 ; On                 ;
; Pre-Mapping Resynthesis Optimization                                            ; Off                ; Off                ;
; Analysis & Synthesis Message Level                                              ; Medium             ; Medium             ;
; Disable Register Merging Across Hierarchies                                     ; Auto               ; Auto               ;
; Resource Aware Inference For Block RAM                                          ; On                 ; On                 ;
; Automatic Parallel Synthesis                                                    ; On                 ; On                 ;
; Partial Reconfiguration Bitstream ID                                            ; Off                ; Off                ;
+---------------------------------------------------------------------------------+--------------------+--------------------+


+------------------------------------------+
; Parallel Compilation                     ;
+----------------------------+-------------+
; Processors                 ; Number      ;
+----------------------------+-------------+
; Number detected on machine ; 12          ;
; Maximum allowed            ; 6           ;
;                            ;             ;
; Average used               ; 1.00        ;
; Maximum used               ; 6           ;
;                            ;             ;
; Usage by Processor         ; % Time Used ;
;     Processor 1            ; 100.0%      ;
;     Processors 2-6         ;   0.0%      ;
+----------------------------+-------------+


+-------------------------------------------------------------------------------------------------------------------------------------------------------------------+
; Analysis & Synthesis Source Files Read                                                                                                                            ;
+----------------------------------+-----------------+------------------------------+---------------------------------------------------------------------+---------+
; File Name with User-Entered Path ; Used in Netlist ; File Type                    ; File Name with Absolute Path                                        ; Library ;
+----------------------------------+-----------------+------------------------------+---------------------------------------------------------------------+---------+
; src/Control_Unit_defs.sv         ; yes             ; User SystemVerilog HDL File  ; D:/Quartus21/projects/RISC-V_Jorge-Padilla/src/Control_Unit_defs.sv ;         ;
; src/Control_Unit.sv              ; yes             ; User SystemVerilog HDL File  ; D:/Quartus21/projects/RISC-V_Jorge-Padilla/src/Control_Unit.sv      ;         ;
; src/Counter_Param.sv             ; yes             ; User SystemVerilog HDL File  ; D:/Quartus21/projects/RISC-V_Jorge-Padilla/src/Counter_Param.sv     ;         ;
; src/Control_Unit_enum.sv         ; yes             ; User SystemVerilog HDL File  ; D:/Quartus21/projects/RISC-V_Jorge-Padilla/src/Control_Unit_enum.sv ;         ;
; src/ALU_sel.sv                   ; yes             ; User SystemVerilog HDL File  ; D:/Quartus21/projects/RISC-V_Jorge-Padilla/src/ALU_sel.sv           ;         ;
+----------------------------------+-----------------+------------------------------+---------------------------------------------------------------------+---------+


+---------------------------------------------------------+
; Analysis & Synthesis Resource Usage Summary             ;
+---------------------------------------------+-----------+
; Resource                                    ; Usage     ;
+---------------------------------------------+-----------+
; Estimate of Logic utilization (ALMs needed) ; 43        ;
;                                             ;           ;
; Combinational ALUT usage for logic          ; 72        ;
;     -- 7 input functions                    ; 0         ;
;     -- 6 input functions                    ; 12        ;
;     -- 5 input functions                    ; 15        ;
;     -- 4 input functions                    ; 9         ;
;     -- <=3 input functions                  ; 36        ;
;                                             ;           ;
; Dedicated logic registers                   ; 30        ;
;                                             ;           ;
; I/O pins                                    ; 50        ;
;                                             ;           ;
; Total DSP Blocks                            ; 0         ;
;                                             ;           ;
; Maximum fan-out node                        ; clk~input ;
; Maximum fan-out                             ; 30        ;
; Total fan-out                               ; 449       ;
; Average fan-out                             ; 2.22      ;
+---------------------------------------------+-----------+


+------------------------------------------------------------------------------------------------------------------------------------------------------------------------------------------------------------------------------------------+
; Analysis & Synthesis Resource Utilization by Entity                                                                                                                                                                                      ;
+--------------------------------------------+---------------------+---------------------------+-------------------+------------+------+--------------+-----------------------------------------------------+---------------+--------------+
; Compilation Hierarchy Node                 ; Combinational ALUTs ; Dedicated Logic Registers ; Block Memory Bits ; DSP Blocks ; Pins ; Virtual Pins ; Full Hierarchy Name                                 ; Entity Name   ; Library Name ;
+--------------------------------------------+---------------------+---------------------------+-------------------+------------+------+--------------+-----------------------------------------------------+---------------+--------------+
; |Control_Unit                              ; 72 (54)             ; 30 (16)                   ; 0                 ; 0          ; 50   ; 0            ; |Control_Unit                                       ; Control_Unit  ; work         ;
;    |Counter_Param:uart_dummy_wait_counter| ; 18 (18)             ; 14 (14)                   ; 0                 ; 0          ; 0    ; 0            ; |Control_Unit|Counter_Param:uart_dummy_wait_counter ; Counter_Param ; work         ;
+--------------------------------------------+---------------------+---------------------------+-------------------+------------+------+--------------+-----------------------------------------------------+---------------+--------------+
Note: For table entries with two numbers listed, the numbers in parentheses indicate the number of resources of the given type used by the specific entity alone. The numbers listed outside of parentheses indicate the total resources of the given type used by the specific entity and all of its sub-entities in the hierarchy.


Encoding Type:  One-Hot
+---------------------------------------------------------------------------------------------------------------------------------------------------------------------------------------------------------------------------------------------------------------------------------------------------------------+
; State Machine - |Control_Unit|State                                                                                                                                                                                                                                                                           ;
+-----------------------+-------------+-----------------------+--------------------+--------------------+------------+-------------------+----------------+--------------+------------------+---------------+-----------------+------------------+----------------+----------------+--------------+-------------+
; Name                  ; State.STALL ; State.UART_DUMMY_WAIT ; State.UART_TX_WAIT ; State.UART_TX_INIT ; State.JUMP ; State.IMMI_WRBACK ; State.IMMI_EXE ; State.BRANCH ; State.REG_WRBACK ; State.REG_EXE ; State.MEM_WRITE ; State.MEM_WRBACK ; State.MEM_READ ; State.MEM_ADDR ; State.DECODE ; State.FETCH ;
+-----------------------+-------------+-----------------------+--------------------+--------------------+------------+-------------------+----------------+--------------+------------------+---------------+-----------------+------------------+----------------+----------------+--------------+-------------+
; State.FETCH           ; 0           ; 0                     ; 0                  ; 0                  ; 0          ; 0                 ; 0              ; 0            ; 0                ; 0             ; 0               ; 0                ; 0              ; 0              ; 0            ; 0           ;
; State.DECODE          ; 0           ; 0                     ; 0                  ; 0                  ; 0          ; 0                 ; 0              ; 0            ; 0                ; 0             ; 0               ; 0                ; 0              ; 0              ; 1            ; 1           ;
; State.MEM_ADDR        ; 0           ; 0                     ; 0                  ; 0                  ; 0          ; 0                 ; 0              ; 0            ; 0                ; 0             ; 0               ; 0                ; 0              ; 1              ; 0            ; 1           ;
; State.MEM_READ        ; 0           ; 0                     ; 0                  ; 0                  ; 0          ; 0                 ; 0              ; 0            ; 0                ; 0             ; 0               ; 0                ; 1              ; 0              ; 0            ; 1           ;
; State.MEM_WRBACK      ; 0           ; 0                     ; 0                  ; 0                  ; 0          ; 0                 ; 0              ; 0            ; 0                ; 0             ; 0               ; 1                ; 0              ; 0              ; 0            ; 1           ;
; State.MEM_WRITE       ; 0           ; 0                     ; 0                  ; 0                  ; 0          ; 0                 ; 0              ; 0            ; 0                ; 0             ; 1               ; 0                ; 0              ; 0              ; 0            ; 1           ;
; State.REG_EXE         ; 0           ; 0                     ; 0                  ; 0                  ; 0          ; 0                 ; 0              ; 0            ; 0                ; 1             ; 0               ; 0                ; 0              ; 0              ; 0            ; 1           ;
; State.REG_WRBACK      ; 0           ; 0                     ; 0                  ; 0                  ; 0          ; 0                 ; 0              ; 0            ; 1                ; 0             ; 0               ; 0                ; 0              ; 0              ; 0            ; 1           ;
; State.BRANCH          ; 0           ; 0                     ; 0                  ; 0                  ; 0          ; 0                 ; 0              ; 1            ; 0                ; 0             ; 0               ; 0                ; 0              ; 0              ; 0            ; 1           ;
; State.IMMI_EXE        ; 0           ; 0                     ; 0                  ; 0                  ; 0          ; 0                 ; 1              ; 0            ; 0                ; 0             ; 0               ; 0                ; 0              ; 0              ; 0            ; 1           ;
; State.IMMI_WRBACK     ; 0           ; 0                     ; 0                  ; 0                  ; 0          ; 1                 ; 0              ; 0            ; 0                ; 0             ; 0               ; 0                ; 0              ; 0              ; 0            ; 1           ;
; State.JUMP            ; 0           ; 0                     ; 0                  ; 0                  ; 1          ; 0                 ; 0              ; 0            ; 0                ; 0             ; 0               ; 0                ; 0              ; 0              ; 0            ; 1           ;
; State.UART_TX_INIT    ; 0           ; 0                     ; 0                  ; 1                  ; 0          ; 0                 ; 0              ; 0            ; 0                ; 0             ; 0               ; 0                ; 0              ; 0              ; 0            ; 1           ;
; State.UART_TX_WAIT    ; 0           ; 0                     ; 1                  ; 0                  ; 0          ; 0                 ; 0              ; 0            ; 0                ; 0             ; 0               ; 0                ; 0              ; 0              ; 0            ; 1           ;
; State.UART_DUMMY_WAIT ; 0           ; 1                     ; 0                  ; 0                  ; 0          ; 0                 ; 0              ; 0            ; 0                ; 0             ; 0               ; 0                ; 0              ; 0              ; 0            ; 1           ;
; State.STALL           ; 1           ; 0                     ; 0                  ; 0                  ; 0          ; 0                 ; 0              ; 0            ; 0                ; 0             ; 0               ; 0                ; 0              ; 0              ; 0            ; 1           ;
+-----------------------+-------------+-----------------------+--------------------+--------------------+------------+-------------------+----------------+--------------+------------------+---------------+-----------------+------------------+----------------+----------------+--------------+-------------+


+------------------------------------------------------------+
; Registers Removed During Synthesis                         ;
+---------------------------------------+--------------------+
; Register name                         ; Reason for Removal ;
+---------------------------------------+--------------------+
; State~4                               ; Lost fanout        ;
; State~5                               ; Lost fanout        ;
; State~6                               ; Lost fanout        ;
; State~7                               ; Lost fanout        ;
; Total Number of Removed Registers = 4 ;                    ;
+---------------------------------------+--------------------+


+------------------------------------------------------+
; General Register Statistics                          ;
+----------------------------------------------+-------+
; Statistic                                    ; Value ;
+----------------------------------------------+-------+
; Total registers                              ; 30    ;
; Number of registers using Synchronous Clear  ; 14    ;
; Number of registers using Synchronous Load   ; 0     ;
; Number of registers using Asynchronous Clear ; 30    ;
; Number of registers using Asynchronous Load  ; 0     ;
; Number of registers using Clock Enable       ; 0     ;
; Number of registers using Preset             ; 0     ;
+----------------------------------------------+-------+


+------------------------------------------------------------------------------------------------------------------------------------------+
; Multiplexer Restructuring Statistics (Restructuring Performed)                                                                           ;
+--------------------+-----------+---------------+----------------------+------------------------+------------+----------------------------+
; Multiplexer Inputs ; Bus Width ; Baseline Area ; Area if Restructured ; Saving if Restructured ; Registered ; Example Multiplexer Output ;
+--------------------+-----------+---------------+----------------------+------------------------+------------+----------------------------+
; 6:1                ; 2 bits    ; 8 LEs         ; 6 LEs                ; 2 LEs                  ; No         ; |Control_Unit|Selector12   ;
+--------------------+-----------+---------------+----------------------+------------------------+------------+----------------------------+


+------------------------------------------------------------------------------------+
; Parameter Settings for User Entity Instance: Counter_Param:uart_dummy_wait_counter ;
+----------------+-------+-----------------------------------------------------------+
; Parameter Name ; Value ; Type                                                      ;
+----------------+-------+-----------------------------------------------------------+
; MAX_COUNT      ; 10000 ; Signed Integer                                            ;
; NUM_BITS       ; 14    ; Signed Integer                                            ;
+----------------+-------+-----------------------------------------------------------+
Note: In order to hide this table in the UI and the text report file, please set the "Show Parameter Settings in Synthesis Report" option in "Analysis and Synthesis Settings -> More Settings" to "Off".


+-------------------------------------------------------------------------------------------------------------------------------------+
; Port Connectivity Checks: "Counter_Param:uart_dummy_wait_counter"                                                                   ;
+------+--------+----------+----------------------------------------------------------------------------------------------------------+
; Port ; Type   ; Severity ; Details                                                                                                  ;
+------+--------+----------+----------------------------------------------------------------------------------------------------------+
; en   ; Input  ; Info     ; Stuck at VCC                                                                                             ;
; cnt  ; Output ; Warning  ; Declared by entity but not connected by instance. Logic that only feeds a dangling port will be removed. ;
+------+--------+----------+----------------------------------------------------------------------------------------------------------+


+-----------------------------------------------------+
; Post-Synthesis Netlist Statistics for Top Partition ;
+-----------------------+-----------------------------+
; Type                  ; Count                       ;
+-----------------------+-----------------------------+
; arriav_ff             ; 30                          ;
;     CLR               ; 16                          ;
;     CLR SCLR          ; 14                          ;
; arriav_lcell_comb     ; 79                          ;
;     arith             ; 14                          ;
;         1 data inputs ; 14                          ;
;     normal            ; 65                          ;
;         1 data inputs ; 8                           ;
;         2 data inputs ; 9                           ;
;         3 data inputs ; 12                          ;
;         4 data inputs ; 9                           ;
;         5 data inputs ; 15                          ;
;         6 data inputs ; 12                          ;
; boundary_port         ; 50                          ;
;                       ;                             ;
; Max LUT depth         ; 3.00                        ;
; Average LUT depth     ; 2.19                        ;
+-----------------------+-----------------------------+


+-------------------------------+
; Elapsed Time Per Partition    ;
+----------------+--------------+
; Partition Name ; Elapsed Time ;
+----------------+--------------+
; Top            ; 00:00:00     ;
+----------------+--------------+


+-------------------------------+
; Analysis & Synthesis Messages ;
+-------------------------------+
Info: *******************************************************************
Info: Running Quartus Prime Analysis & Synthesis
    Info: Version 21.1.1 Build 850 06/23/2022 SJ Lite Edition
    Info: Processing started: Tue Feb 21 10:03:41 2023
Info: Command: quartus_map --read_settings_files=on --write_settings_files=off RISC-V -c RISC-V
Warning (18236): Number of processors has not been specified which may cause overloading on shared machines.  Set the global assignment NUM_PARALLEL_PROCESSORS in your QSF to an appropriate value for best performance.
Info (20030): Parallel compilation is enabled and will use 6 of the 6 processors detected
Info (12021): Found 0 design units, including 0 entities, in source file src/control_unit_defs.sv
Info (12021): Found 1 design units, including 1 entities, in source file src/control_unit.sv
    Info (12023): Found entity 1: Control_Unit File: D:/Quartus21/projects/RISC-V_Jorge-Padilla/src/Control_Unit.sv Line: 12
Info (12021): Found 1 design units, including 1 entities, in source file src/ram_single_port.sv
    Info (12023): Found entity 1: RAM_Single_Port File: D:/Quartus21/projects/RISC-V_Jorge-Padilla/src/RAM_Single_Port.sv Line: 7
Info (12021): Found 1 design units, including 1 entities, in source file src/counter_param.sv
    Info (12023): Found entity 1: Counter_Param File: D:/Quartus21/projects/RISC-V_Jorge-Padilla/src/Counter_Param.sv Line: 7
Info (12021): Found 1 design units, including 0 entities, in source file src/control_unit_enum.sv
    Info (12022): Found design unit 1: Control_Unit_enum (SystemVerilog) File: D:/Quartus21/projects/RISC-V_Jorge-Padilla/src/Control_Unit_enum.sv Line: 7
Info (12021): Found 1 design units, including 1 entities, in source file src/sign_ext_unit.sv
    Info (12023): Found entity 1: Sign_Ext_Unit File: D:/Quartus21/projects/RISC-V_Jorge-Padilla/src/Sign_Ext_Unit.sv Line: 7
Info (12021): Found 1 design units, including 1 entities, in source file src/sign_ext.sv
    Info (12023): Found entity 1: Sign_Ext File: D:/Quartus21/projects/RISC-V_Jorge-Padilla/src/Sign_Ext.sv Line: 7
Info (12021): Found 0 design units, including 0 entities, in source file src/shifts.sv
Info (12021): Found 1 design units, including 1 entities, in source file src/shift_unit.sv
    Info (12023): Found entity 1: Shift_Unit File: D:/Quartus21/projects/RISC-V_Jorge-Padilla/src/Shift_Unit.sv Line: 9
Info (12021): Found 0 design units, including 0 entities, in source file src/regs.sv
Info (12021): Found 0 design units, including 0 entities, in source file src/alu_sel.sv
Info (12021): Found 1 design units, including 1 entities, in source file src/reg_file_tb.sv
    Info (12023): Found entity 1: Reg_File_tb File: D:/Quartus21/projects/RISC-V_Jorge-Padilla/src/Reg_File_tb.sv Line: 10
Info (12021): Found 1 design units, including 1 entities, in source file src/reg_file.sv
    Info (12023): Found entity 1: Reg_File File: D:/Quartus21/projects/RISC-V_Jorge-Padilla/src/Reg_File.sv Line: 7
Info (12021): Found 1 design units, including 1 entities, in source file src/reg_param.sv
    Info (12023): Found entity 1: Reg_Param File: D:/Quartus21/projects/RISC-V_Jorge-Padilla/src/Reg_Param.sv Line: 9
Info (12021): Found 1 design units, including 1 entities, in source file src/mux_4_1.sv
    Info (12023): Found entity 1: Mux_4_1 File: D:/Quartus21/projects/RISC-V_Jorge-Padilla/src/Mux_4_1.sv Line: 7
Info (12021): Found 1 design units, including 1 entities, in source file src/mux_2_1.sv
    Info (12023): Found entity 1: Mux_2_1 File: D:/Quartus21/projects/RISC-V_Jorge-Padilla/src/Mux_2_1.sv Line: 7
Info (12021): Found 1 design units, including 1 entities, in source file src/alu_tb.sv
    Info (12023): Found entity 1: ALU_tb File: D:/Quartus21/projects/RISC-V_Jorge-Padilla/src/ALU_tb.sv Line: 7
Info (12021): Found 1 design units, including 1 entities, in source file src/alu.sv
    Info (12023): Found entity 1: ALU File: D:/Quartus21/projects/RISC-V_Jorge-Padilla/src/ALU.sv Line: 9
Info (12127): Elaborating entity "Control_Unit" for the top level hierarchy
Warning (10230): Verilog HDL assignment warning at Control_Unit.sv(141): truncated value with size 5 to match size of target (4) File: D:/Quartus21/projects/RISC-V_Jorge-Padilla/src/Control_Unit.sv Line: 141
Warning (10235): Verilog HDL Always Construct warning at Control_Unit.sv(147): variable "Opcode" is read inside the Always Construct but isn't in the Always Construct's Event Control File: D:/Quartus21/projects/RISC-V_Jorge-Padilla/src/Control_Unit.sv Line: 147
Warning (10230): Verilog HDL assignment warning at Control_Unit.sv(173): truncated value with size 5 to match size of target (4) File: D:/Quartus21/projects/RISC-V_Jorge-Padilla/src/Control_Unit.sv Line: 173
Warning (10235): Verilog HDL Always Construct warning at Control_Unit.sv(185): variable "Opcode" is read inside the Always Construct but isn't in the Always Construct's Event Control File: D:/Quartus21/projects/RISC-V_Jorge-Padilla/src/Control_Unit.sv Line: 185
Warning (10230): Verilog HDL assignment warning at Control_Unit.sv(198): truncated value with size 5 to match size of target (4) File: D:/Quartus21/projects/RISC-V_Jorge-Padilla/src/Control_Unit.sv Line: 198
Warning (10235): Verilog HDL Always Construct warning at Control_Unit.sv(270): variable "Funct7" is read inside the Always Construct but isn't in the Always Construct's Event Control File: D:/Quartus21/projects/RISC-V_Jorge-Padilla/src/Control_Unit.sv Line: 270
Warning (10235): Verilog HDL Always Construct warning at Control_Unit.sv(270): variable "Funct3" is read inside the Always Construct but isn't in the Always Construct's Event Control File: D:/Quartus21/projects/RISC-V_Jorge-Padilla/src/Control_Unit.sv Line: 270
Warning (10235): Verilog HDL Always Construct warning at Control_Unit.sv(299): variable "Funct3" is read inside the Always Construct but isn't in the Always Construct's Event Control File: D:/Quartus21/projects/RISC-V_Jorge-Padilla/src/Control_Unit.sv Line: 299
Warning (10230): Verilog HDL assignment warning at Control_Unit.sv(302): truncated value with size 5 to match size of target (4) File: D:/Quartus21/projects/RISC-V_Jorge-Padilla/src/Control_Unit.sv Line: 302
Warning (10230): Verilog HDL assignment warning at Control_Unit.sv(306): truncated value with size 5 to match size of target (4) File: D:/Quartus21/projects/RISC-V_Jorge-Padilla/src/Control_Unit.sv Line: 306
Warning (10230): Verilog HDL assignment warning at Control_Unit.sv(310): truncated value with size 5 to match size of target (4) File: D:/Quartus21/projects/RISC-V_Jorge-Padilla/src/Control_Unit.sv Line: 310
Warning (10230): Verilog HDL assignment warning at Control_Unit.sv(314): truncated value with size 5 to match size of target (4) File: D:/Quartus21/projects/RISC-V_Jorge-Padilla/src/Control_Unit.sv Line: 314
Warning (10230): Verilog HDL assignment warning at Control_Unit.sv(318): truncated value with size 5 to match size of target (4) File: D:/Quartus21/projects/RISC-V_Jorge-Padilla/src/Control_Unit.sv Line: 318
Warning (10230): Verilog HDL assignment warning at Control_Unit.sv(322): truncated value with size 5 to match size of target (4) File: D:/Quartus21/projects/RISC-V_Jorge-Padilla/src/Control_Unit.sv Line: 322
Warning (10230): Verilog HDL assignment warning at Control_Unit.sv(326): truncated value with size 5 to match size of target (4) File: D:/Quartus21/projects/RISC-V_Jorge-Padilla/src/Control_Unit.sv Line: 326
Warning (10235): Verilog HDL Always Construct warning at Control_Unit.sv(347): variable "Opcode" is read inside the Always Construct but isn't in the Always Construct's Event Control File: D:/Quartus21/projects/RISC-V_Jorge-Padilla/src/Control_Unit.sv Line: 347
Warning (10230): Verilog HDL assignment warning at Control_Unit.sv(350): truncated value with size 5 to match size of target (4) File: D:/Quartus21/projects/RISC-V_Jorge-Padilla/src/Control_Unit.sv Line: 350
Warning (10230): Verilog HDL assignment warning at Control_Unit.sv(356): truncated value with size 5 to match size of target (4) File: D:/Quartus21/projects/RISC-V_Jorge-Padilla/src/Control_Unit.sv Line: 356
Warning (10235): Verilog HDL Always Construct warning at Control_Unit.sv(363): variable "Funct3" is read inside the Always Construct but isn't in the Always Construct's Event Control File: D:/Quartus21/projects/RISC-V_Jorge-Padilla/src/Control_Unit.sv Line: 363
Warning (10235): Verilog HDL Always Construct warning at Control_Unit.sv(366): variable "Funct7" is read inside the Always Construct but isn't in the Always Construct's Event Control File: D:/Quartus21/projects/RISC-V_Jorge-Padilla/src/Control_Unit.sv Line: 366
Warning (10235): Verilog HDL Always Construct warning at Control_Unit.sv(366): variable "Funct3" is read inside the Always Construct but isn't in the Always Construct's Event Control File: D:/Quartus21/projects/RISC-V_Jorge-Padilla/src/Control_Unit.sv Line: 366
Warning (10235): Verilog HDL Always Construct warning at Control_Unit.sv(370): variable "Funct7" is read inside the Always Construct but isn't in the Always Construct's Event Control File: D:/Quartus21/projects/RISC-V_Jorge-Padilla/src/Control_Unit.sv Line: 370
Warning (10235): Verilog HDL Always Construct warning at Control_Unit.sv(370): variable "Funct3" is read inside the Always Construct but isn't in the Always Construct's Event Control File: D:/Quartus21/projects/RISC-V_Jorge-Padilla/src/Control_Unit.sv Line: 370
Warning (10235): Verilog HDL Always Construct warning at Control_Unit.sv(374): variable "Funct3" is read inside the Always Construct but isn't in the Always Construct's Event Control File: D:/Quartus21/projects/RISC-V_Jorge-Padilla/src/Control_Unit.sv Line: 374
Info (10264): Verilog HDL Case Statement information at Control_Unit.sv(124): all case item expressions in this case statement are onehot File: D:/Quartus21/projects/RISC-V_Jorge-Padilla/src/Control_Unit.sv Line: 124
Info (12128): Elaborating entity "Counter_Param" for hierarchy "Counter_Param:uart_dummy_wait_counter" File: D:/Quartus21/projects/RISC-V_Jorge-Padilla/src/Control_Unit.sv Line: 59
Warning (12241): 1 hierarchies have connectivity warnings - see the Connectivity Checks report folder
Info (286030): Timing-Driven Synthesis is running
Info (17049): 4 registers lost all their fanouts during netlist optimizations.
Info (16010): Generating hard_block partition "hard_block:auto_generated_inst"
    Info (16011): Adding 0 node(s), including 0 DDIO, 0 PLL, 0 transceiver and 0 LCELL
Warning (21074): Design contains 6 input pin(s) that do not drive logic
    Warning (15610): No output dependent on input pin "Funct7[0]" File: D:/Quartus21/projects/RISC-V_Jorge-Padilla/src/Control_Unit.sv Line: 17
    Warning (15610): No output dependent on input pin "Funct7[1]" File: D:/Quartus21/projects/RISC-V_Jorge-Padilla/src/Control_Unit.sv Line: 17
    Warning (15610): No output dependent on input pin "Funct7[2]" File: D:/Quartus21/projects/RISC-V_Jorge-Padilla/src/Control_Unit.sv Line: 17
    Warning (15610): No output dependent on input pin "Funct7[3]" File: D:/Quartus21/projects/RISC-V_Jorge-Padilla/src/Control_Unit.sv Line: 17
    Warning (15610): No output dependent on input pin "Funct7[4]" File: D:/Quartus21/projects/RISC-V_Jorge-Padilla/src/Control_Unit.sv Line: 17
    Warning (15610): No output dependent on input pin "Funct7[5]" File: D:/Quartus21/projects/RISC-V_Jorge-Padilla/src/Control_Unit.sv Line: 17
Info (21057): Implemented 125 device resources after synthesis - the final resource count might be different
    Info (21058): Implemented 20 input pins
    Info (21059): Implemented 30 output pins
    Info (21061): Implemented 75 logic cells
Info: Quartus Prime Analysis & Synthesis was successful. 0 errors, 33 warnings
    Info: Peak virtual memory: 4858 megabytes
    Info: Processing ended: Tue Feb 21 10:03:50 2023
    Info: Elapsed time: 00:00:09
    Info: Total CPU time (on all processors): 00:00:08


